# JRE version: OpenJDK Runtime Environment (11.0.10) (build 11.0.10+0-b96-7249189)
# Java VM: OpenJDK 64-Bit Server VM (11.0.10+0-b96-7249189, mixed mode, tiered, compressed oops, g1 gc, windows-amd64)
Heap:
 garbage-first heap   total 131072K, used 19516K [0x0000000080000000, 0x0000000100000000)
  region size 1024K, 9 young (9216K), 5 survivors (5120K)
 Metaspace       used 21128K, capacity 21717K, committed 21760K, reserved 1069056K
  class space    used 2614K, capacity 2812K, committed 2816K, reserved 1048576K
GC Heap History (10 events):
Event: 2.308 GC heap before
{Heap before GC invocations=0 (full 0):
 garbage-first heap   total 131072K, used 19456K [0x0000000080000000, 0x0000000100000000)
  region size 1024K, 14 young (14336K), 0 survivors (0K)
 Metaspace       used 7643K, capacity 7823K, committed 8064K, reserved 1056768K
  class space    used 705K, capacity 780K, committed 896K, reserved 1048576K
}
Event: 2.561 GC heap after
{Heap after GC invocations=1 (full 0):
 garbage-first heap   total 131072K, used 7968K [0x0000000080000000, 0x0000000100000000)
  region size 1024K, 2 young (2048K), 2 survivors (2048K)
 Metaspace       used 7643K, capacity 7823K, committed 8064K, reserved 1056768K
  class space    used 705K, capacity 780K, committed 896K, reserved 1048576K
}
Event: 3.617 GC heap before
{Heap before GC invocations=1 (full 0):
 garbage-first heap   total 131072K, used 15136K [0x0000000080000000, 0x0000000100000000)
  region size 1024K, 9 young (9216K), 2 survivors (2048K)
 Metaspace       used 9756K, capacity 9932K, committed 10112K, reserved 1058816K
  class space    used 1007K, capacity 1060K, committed 1152K, reserved 1048576K
}
Event: 3.622 GC heap after
{Heap after GC invocations=2 (full 0):
 garbage-first heap   total 131072K, used 8519K [0x0000000080000000, 0x0000000100000000)
  region size 1024K, 1 young (1024K), 1 survivors (1024K)
 Metaspace       used 9756K, capacity 9932K, committed 10112K, reserved 1058816K
  class space    used 1007K, capacity 1060K, committed 1152K, reserved 1048576K
}
Event: 5.261 GC heap before
{Heap before GC invocations=2 (full 0):
 garbage-first heap   total 131072K, used 32071K [0x0000000080000000, 0x0000000100000000)
  region size 1024K, 24 young (24576K), 1 survivors (1024K)
 Metaspace       used 10670K, capacity 10821K, committed 11008K, reserved 1058816K
  class space    used 1108K, capacity 1164K, committed 1280K, reserved 1048576K
}
Event: 5.265 GC heap after
{Heap after GC invocations=3 (full 0):
 garbage-first heap   total 131072K, used 11212K [0x0000000080000000, 0x0000000100000000)
  region size 1024K, 3 young (3072K), 3 survivors (3072K)
 Metaspace       used 10670K, capacity 10821K, committed 11008K, reserved 1058816K
  class space    used 1108K, capacity 1164K, committed 1280K, reserved 1048576K
}
Event: 19.022 GC heap before
{Heap before GC invocations=3 (full 0):
 garbage-first heap   total 131072K, used 46028K [0x0000000080000000, 0x0000000100000000)
  region size 1024K, 38 young (38912K), 3 survivors (3072K)
 Metaspace       used 17057K, capacity 17425K, committed 17536K, reserved 1064960K
  class space    used 1968K, capacity 2075K, committed 2176K, reserved 1048576K
}
Event: 19.045 GC heap after
{Heap after GC invocations=4 (full 0):
 garbage-first heap   total 131072K, used 15185K [0x0000000080000000, 0x0000000100000000)
  region size 1024K, 5 young (5120K), 5 survivors (5120K)
 Metaspace       used 17057K, capacity 17425K, committed 17536K, reserved 1064960K
  class space    used 1968K, capacity 2075K, committed 2176K, reserved 1048576K
}
Event: 20.355 GC heap before
{Heap before GC invocations=4 (full 0):
 garbage-first heap   total 131072K, used 40785K [0x0000000080000000, 0x0000000100000000)
  region size 1024K, 32 young (32768K), 5 survivors (5120K)
 Metaspace       used 20644K, capacity 21093K, committed 21248K, reserved 1067008K
  class space    used 2529K, capacity 2710K, committed 2816K, reserved 1048576K
}
Event: 20.367 GC heap after
{Heap after GC invocations=5 (full 0):
 garbage-first heap   total 131072K, used 16444K [0x0000000080000000, 0x0000000100000000)
  region size 1024K, 5 young (5120K), 5 survivors (5120K)
 Metaspace       used 20644K, capacity 21093K, committed 21248K, reserved 1067008K
  class space    used 2529K, capacity 2710K, committed 2816K, reserved 1048576K
}

